6A75 .START phpCAS-1.3.3 ****************** [CAS.php:438]
6A75 .=> phpCAS::client('2.0', 'cas.knowarth.com', 443, 'cas') [Sso.php:76]
6A75 .|    => CAS_Client::__construct('2.0', false, 'cas.knowarth.com', 443, 'cas', true) [CAS.php:340]
6A75 .|    |    Starting a new session mem6mjv46qm54bkfg5fpjt06f5 [Client.php:906]
6A75 .|    <= ''
6A75 .<= ''
6A75 .=> phpCAS::setNoCasServerValidation() [Sso.php:98]
6A75 .|    You have configured no validation of the legitimacy of the cas server. This is not recommended for production use. [CAS.php:1553]
6A75 .<= ''
6A75 .=> CAS_Client::handleLogoutRequests(true, false) [CAS.php:1193]
6A75 .|    Not a logout request [Client.php:1689]
6A75 .<= ''
6A75 .=> phpCAS::isAuthenticated() [Sso.php:213]
6A75 .|    => CAS_Client::isAuthenticated() [CAS.php:1062]
6A75 .|    |    => CAS_Client::_wasPreviouslyAuthenticated() [Client.php:1356]
6A75 .|    |    |    no user found [Client.php:1592]
6A75 .|    |    <= false
6A75 .|    |    no ticket found [Client.php:1453]
6A75 .|    <= false
6A75 .<= false
6A75 .START phpCAS-1.3.3 ****************** [CAS.php:438]
6A75 .=> phpCAS::client('2.0', 'cas.knowarth.com', 443, 'cas') [Sso.php:76]
6A75 .|    phpCAS::client() has already been called (at F:\Xampp\htdocs\attendance-management\vendor\xavrsl\cas\src\Xavrsl\Cas\Sso.php:76) [CAS.php:503]
6A75 .<= ''
0D0D .START phpCAS-1.3.3 ****************** [CAS.php:438]
0D0D .=> phpCAS::client('2.0', 'cas.knowarth.com', 443, 'cas') [Sso.php:76]
0D0D .|    => CAS_Client::__construct('2.0', false, 'cas.knowarth.com', 443, 'cas', true) [CAS.php:340]
0D0D .|    |    Starting a new session mem6mjv46qm54bkfg5fpjt06f5 [Client.php:906]
0D0D .|    <= ''
0D0D .<= ''
0D0D .=> phpCAS::setNoCasServerValidation() [Sso.php:98]
0D0D .|    You have configured no validation of the legitimacy of the cas server. This is not recommended for production use. [CAS.php:1553]
0D0D .<= ''
0D0D .=> CAS_Client::handleLogoutRequests(true, false) [CAS.php:1193]
0D0D .|    Not a logout request [Client.php:1689]
0D0D .<= ''
0D0D .=> phpCAS::isAuthenticated() [Sso.php:213]
0D0D .|    => CAS_Client::isAuthenticated() [CAS.php:1062]
0D0D .|    |    => CAS_Client::_wasPreviouslyAuthenticated() [Client.php:1356]
0D0D .|    |    |    no user found [Client.php:1592]
0D0D .|    |    <= false
0D0D .|    |    no ticket found [Client.php:1453]
0D0D .|    <= false
0D0D .<= false
0D0D .START phpCAS-1.3.3 ****************** [CAS.php:438]
0D0D .=> phpCAS::client('2.0', 'cas.knowarth.com', 443, 'cas') [Sso.php:76]
0D0D .|    phpCAS::client() has already been called (at F:\Xampp\htdocs\attendance-management\vendor\xavrsl\cas\src\Xavrsl\Cas\Sso.php:76) [CAS.php:503]
0D0D .<= ''
570D .START phpCAS-1.3.3 ****************** [CAS.php:438]
570D .=> phpCAS::client('2.0', 'cas.knowarth.com', 443, 'cas') [Sso.php:76]
570D .|    => CAS_Client::__construct('2.0', false, 'cas.knowarth.com', 443, 'cas', true) [CAS.php:340]
570D .|    |    Starting a new session mem6mjv46qm54bkfg5fpjt06f5 [Client.php:906]
570D .|    <= ''
570D .<= ''
570D .=> phpCAS::setNoCasServerValidation() [Sso.php:98]
570D .|    You have configured no validation of the legitimacy of the cas server. This is not recommended for production use. [CAS.php:1553]
570D .<= ''
570D .=> CAS_Client::handleLogoutRequests(true, false) [CAS.php:1193]
570D .|    Not a logout request [Client.php:1689]
570D .<= ''
570D .=> phpCAS::isAuthenticated() [Sso.php:213]
570D .|    => CAS_Client::isAuthenticated() [CAS.php:1062]
570D .|    |    => CAS_Client::_wasPreviouslyAuthenticated() [Client.php:1356]
570D .|    |    |    no user found [Client.php:1592]
570D .|    |    <= false
570D .|    |    no ticket found [Client.php:1453]
570D .|    <= false
570D .<= false
570D .START phpCAS-1.3.3 ****************** [CAS.php:438]
570D .=> phpCAS::client('2.0', 'cas.knowarth.com', 443, 'cas') [Sso.php:76]
570D .|    phpCAS::client() has already been called (at F:\Xampp\htdocs\attendance-management\vendor\xavrsl\cas\src\Xavrsl\Cas\Sso.php:76) [CAS.php:503]
570D .<= ''
CC9C .START phpCAS-1.3.3 ****************** [CAS.php:438]
CC9C .=> phpCAS::client('2.0', 'cas.knowarth.com', 443, 'cas') [Sso.php:76]
CC9C .|    => CAS_Client::__construct('2.0', false, 'cas.knowarth.com', 443, 'cas', true) [CAS.php:340]
CC9C .|    |    Starting a new session mem6mjv46qm54bkfg5fpjt06f5 [Client.php:906]
CC9C .|    <= ''
CC9C .<= ''
CC9C .=> phpCAS::setNoCasServerValidation() [Sso.php:98]
CC9C .|    You have configured no validation of the legitimacy of the cas server. This is not recommended for production use. [CAS.php:1553]
CC9C .<= ''
CC9C .=> CAS_Client::handleLogoutRequests(true, false) [CAS.php:1193]
CC9C .|    Not a logout request [Client.php:1689]
CC9C .<= ''
CC9C .=> phpCAS::isAuthenticated() [Sso.php:213]
CC9C .|    => CAS_Client::isAuthenticated() [CAS.php:1062]
CC9C .|    |    => CAS_Client::_wasPreviouslyAuthenticated() [Client.php:1356]
CC9C .|    |    |    no user found [Client.php:1592]
CC9C .|    |    <= false
CC9C .|    |    no ticket found [Client.php:1453]
CC9C .|    <= false
CC9C .<= false
CC9C .START phpCAS-1.3.3 ****************** [CAS.php:438]
CC9C .=> phpCAS::client('2.0', 'cas.knowarth.com', 443, 'cas') [Sso.php:76]
CC9C .|    phpCAS::client() has already been called (at F:\Xampp\htdocs\attendance-management\vendor\xavrsl\cas\src\Xavrsl\Cas\Sso.php:76) [CAS.php:503]
CC9C .<= ''
FF86 .START phpCAS-1.3.3 ****************** [CAS.php:438]
FF86 .=> phpCAS::client('2.0', 'cas.knowarth.com', 443, 'cas') [Sso.php:76]
FF86 .|    => CAS_Client::__construct('2.0', false, 'cas.knowarth.com', 443, 'cas', true) [CAS.php:340]
FF86 .|    |    Starting a new session nevv1ep82nm74hba2gfdgrr495 [Client.php:906]
FF86 .|    <= ''
FF86 .<= ''
FF86 .=> phpCAS::setNoCasServerValidation() [Sso.php:98]
FF86 .|    You have configured no validation of the legitimacy of the cas server. This is not recommended for production use. [CAS.php:1553]
FF86 .<= ''
FF86 .=> CAS_Client::handleLogoutRequests(true, false) [CAS.php:1193]
FF86 .|    Not a logout request [Client.php:1689]
FF86 .<= ''
FF86 .=> phpCAS::isAuthenticated() [Sso.php:213]
FF86 .|    => CAS_Client::isAuthenticated() [CAS.php:1062]
FF86 .|    |    => CAS_Client::_wasPreviouslyAuthenticated() [Client.php:1356]
FF86 .|    |    |    no user found [Client.php:1592]
FF86 .|    |    <= false
FF86 .|    |    no ticket found [Client.php:1453]
FF86 .|    <= false
FF86 .<= false
FF86 .START phpCAS-1.3.3 ****************** [CAS.php:438]
FF86 .=> phpCAS::client('2.0', 'cas.knowarth.com', 443, 'cas') [Sso.php:76]
FF86 .|    phpCAS::client() has already been called (at F:\Xampp\htdocs\attendance-management\vendor\xavrsl\cas\src\Xavrsl\Cas\Sso.php:76) [CAS.php:503]
FF86 .<= ''
B1A3 .START phpCAS-1.3.3 ****************** [CAS.php:438]
B1A3 .=> phpCAS::client('2.0', 'cas.knowarth.com', 443, 'cas') [Sso.php:76]
B1A3 .|    => CAS_Client::__construct('2.0', false, 'cas.knowarth.com', 443, 'cas', true) [CAS.php:340]
B1A3 .|    |    Starting a new session nevv1ep82nm74hba2gfdgrr495 [Client.php:906]
B1A3 .|    <= ''
B1A3 .<= ''
B1A3 .=> phpCAS::setNoCasServerValidation() [Sso.php:98]
B1A3 .|    You have configured no validation of the legitimacy of the cas server. This is not recommended for production use. [CAS.php:1553]
B1A3 .<= ''
B1A3 .=> CAS_Client::handleLogoutRequests(true, false) [CAS.php:1193]
B1A3 .|    Not a logout request [Client.php:1689]
B1A3 .<= ''
B1A3 .=> phpCAS::isAuthenticated() [Sso.php:213]
B1A3 .|    => CAS_Client::isAuthenticated() [CAS.php:1062]
B1A3 .|    |    => CAS_Client::_wasPreviouslyAuthenticated() [Client.php:1356]
B1A3 .|    |    |    no user found [Client.php:1592]
B1A3 .|    |    <= false
B1A3 .|    |    no ticket found [Client.php:1453]
B1A3 .|    <= false
B1A3 .<= false
B1A3 .START phpCAS-1.3.3 ****************** [CAS.php:438]
B1A3 .=> phpCAS::client('2.0', 'cas.knowarth.com', 443, 'cas') [Sso.php:76]
B1A3 .|    phpCAS::client() has already been called (at F:\Xampp\htdocs\attendance-management\vendor\xavrsl\cas\src\Xavrsl\Cas\Sso.php:76) [CAS.php:503]
B1A3 .<= ''
B408 .START phpCAS-1.3.3 ****************** [CAS.php:438]
B408 .=> phpCAS::client('2.0', 'cas.knowarth.com', 443, 'cas') [Sso.php:76]
B408 .|    => CAS_Client::__construct('2.0', false, 'cas.knowarth.com', 443, 'cas', true) [CAS.php:340]
B408 .|    |    Starting a new session nevv1ep82nm74hba2gfdgrr495 [Client.php:906]
B408 .|    <= ''
B408 .<= ''
B408 .=> phpCAS::setNoCasServerValidation() [Sso.php:98]
B408 .|    You have configured no validation of the legitimacy of the cas server. This is not recommended for production use. [CAS.php:1553]
B408 .<= ''
B408 .=> CAS_Client::handleLogoutRequests(true, false) [CAS.php:1193]
B408 .|    Not a logout request [Client.php:1689]
B408 .<= ''
B408 .=> phpCAS::isAuthenticated() [Sso.php:213]
B408 .|    => CAS_Client::isAuthenticated() [CAS.php:1062]
B408 .|    |    => CAS_Client::_wasPreviouslyAuthenticated() [Client.php:1356]
B408 .|    |    |    no user found [Client.php:1592]
B408 .|    |    <= false
B408 .|    |    no ticket found [Client.php:1453]
B408 .|    <= false
B408 .<= false
B408 .START phpCAS-1.3.3 ****************** [CAS.php:438]
B408 .=> phpCAS::client('2.0', 'cas.knowarth.com', 443, 'cas') [Sso.php:76]
B408 .|    phpCAS::client() has already been called (at F:\Xampp\htdocs\attendance-management\vendor\xavrsl\cas\src\Xavrsl\Cas\Sso.php:76) [CAS.php:503]
B408 .<= ''
69A4 .START phpCAS-1.3.3 ****************** [CAS.php:438]
69A4 .=> phpCAS::client('2.0', 'cas.knowarth.com', 443, 'cas') [Sso.php:76]
69A4 .|    => CAS_Client::__construct('2.0', false, 'cas.knowarth.com', 443, 'cas', true) [CAS.php:340]
69A4 .|    |    Starting a new session nevv1ep82nm74hba2gfdgrr495 [Client.php:906]
69A4 .|    <= ''
69A4 .<= ''
69A4 .=> phpCAS::setNoCasServerValidation() [Sso.php:98]
69A4 .|    You have configured no validation of the legitimacy of the cas server. This is not recommended for production use. [CAS.php:1553]
69A4 .<= ''
69A4 .=> CAS_Client::handleLogoutRequests(true, false) [CAS.php:1193]
69A4 .|    Not a logout request [Client.php:1689]
69A4 .<= ''
69A4 .=> phpCAS::isAuthenticated() [Sso.php:213]
69A4 .|    => CAS_Client::isAuthenticated() [CAS.php:1062]
69A4 .|    |    => CAS_Client::_wasPreviouslyAuthenticated() [Client.php:1356]
69A4 .|    |    |    no user found [Client.php:1592]
69A4 .|    |    <= false
69A4 .|    |    no ticket found [Client.php:1453]
69A4 .|    <= false
69A4 .<= false
69A4 .START phpCAS-1.3.3 ****************** [CAS.php:438]
69A4 .=> phpCAS::client('2.0', 'cas.knowarth.com', 443, 'cas') [Sso.php:76]
69A4 .|    phpCAS::client() has already been called (at F:\Xampp\htdocs\attendance-management\vendor\xavrsl\cas\src\Xavrsl\Cas\Sso.php:76) [CAS.php:503]
69A4 .<= ''
C649 .START phpCAS-1.3.3 ****************** [CAS.php:438]
C649 .=> phpCAS::client('2.0', 'cas.knowarth.com', 443, 'cas') [Sso.php:76]
C649 .|    => CAS_Client::__construct('2.0', false, 'cas.knowarth.com', 443, 'cas', true) [CAS.php:340]
C649 .|    |    Starting a new session nevv1ep82nm74hba2gfdgrr495 [Client.php:906]
C649 .|    <= ''
C649 .<= ''
C649 .=> phpCAS::setNoCasServerValidation() [Sso.php:98]
C649 .|    You have configured no validation of the legitimacy of the cas server. This is not recommended for production use. [CAS.php:1553]
C649 .<= ''
C649 .=> CAS_Client::handleLogoutRequests(true, false) [CAS.php:1193]
C649 .|    Not a logout request [Client.php:1689]
C649 .<= ''
C649 .=> phpCAS::isAuthenticated() [Sso.php:213]
C649 .|    => CAS_Client::isAuthenticated() [CAS.php:1062]
C649 .|    |    => CAS_Client::_wasPreviouslyAuthenticated() [Client.php:1356]
C649 .|    |    |    no user found [Client.php:1592]
C649 .|    |    <= false
C649 .|    |    no ticket found [Client.php:1453]
C649 .|    <= false
C649 .<= false
C649 .START phpCAS-1.3.3 ****************** [CAS.php:438]
C649 .=> phpCAS::client('2.0', 'cas.knowarth.com', 443, 'cas') [Sso.php:76]
C649 .|    phpCAS::client() has already been called (at F:\Xampp\htdocs\attendance-management\vendor\xavrsl\cas\src\Xavrsl\Cas\Sso.php:76) [CAS.php:503]
C649 .<= ''
7F06 .START phpCAS-1.3.3 ****************** [CAS.php:438]
7F06 .=> phpCAS::client('2.0', 'cas.knowarth.com', 443, 'cas') [Sso.php:76]
7F06 .|    => CAS_Client::__construct('2.0', false, 'cas.knowarth.com', 443, 'cas', true) [CAS.php:340]
7F06 .|    |    Starting a new session dshjmsisa920ef21nn3653sm07 [Client.php:906]
7F06 .|    <= ''
7F06 .<= ''
7F06 .=> phpCAS::setNoCasServerValidation() [Sso.php:98]
7F06 .|    You have configured no validation of the legitimacy of the cas server. This is not recommended for production use. [CAS.php:1553]
7F06 .<= ''
7F06 .=> CAS_Client::handleLogoutRequests(true, false) [CAS.php:1193]
7F06 .|    Not a logout request [Client.php:1689]
7F06 .<= ''
7F06 .=> phpCAS::isAuthenticated() [Sso.php:214]
7F06 .|    => CAS_Client::isAuthenticated() [CAS.php:1062]
7F06 .|    |    => CAS_Client::_wasPreviouslyAuthenticated() [Client.php:1356]
7F06 .|    |    |    no user found [Client.php:1592]
7F06 .|    |    <= false
7F06 .|    |    no ticket found [Client.php:1453]
7F06 .|    <= false
7F06 .<= false
7F06 .START phpCAS-1.3.3 ****************** [CAS.php:438]
7F06 .=> phpCAS::client('2.0', 'cas.knowarth.com', 443, 'cas') [Sso.php:76]
7F06 .|    phpCAS::client() has already been called (at C:\xampp\htdocs\attendance-management\vendor\xavrsl\cas\src\Xavrsl\Cas\Sso.php:76) [CAS.php:503]
7F06 .<= ''
8DAF .START phpCAS-1.3.3 ****************** [CAS.php:438]
8DAF .=> phpCAS::client('2.0', 'cas.knowarth.com', 443, 'cas') [Sso.php:76]
8DAF .|    => CAS_Client::__construct('2.0', false, 'cas.knowarth.com', 443, 'cas', true) [CAS.php:340]
8DAF .|    |    Starting a new session dshjmsisa920ef21nn3653sm07 [Client.php:906]
8DAF .|    <= ''
8DAF .<= ''
8DAF .=> phpCAS::setNoCasServerValidation() [Sso.php:98]
8DAF .|    You have configured no validation of the legitimacy of the cas server. This is not recommended for production use. [CAS.php:1553]
8DAF .<= ''
8DAF .=> CAS_Client::handleLogoutRequests(true, false) [CAS.php:1193]
8DAF .|    Not a logout request [Client.php:1689]
8DAF .<= ''
8DAF .=> phpCAS::isAuthenticated() [Sso.php:214]
8DAF .|    => CAS_Client::isAuthenticated() [CAS.php:1062]
8DAF .|    |    => CAS_Client::_wasPreviouslyAuthenticated() [Client.php:1356]
8DAF .|    |    |    no user found [Client.php:1592]
8DAF .|    |    <= false
8DAF .|    |    no ticket found [Client.php:1453]
8DAF .|    <= false
8DAF .<= false
8DAF .START phpCAS-1.3.3 ****************** [CAS.php:438]
8DAF .=> phpCAS::client('2.0', 'cas.knowarth.com', 443, 'cas') [Sso.php:76]
8DAF .|    phpCAS::client() has already been called (at C:\xampp\htdocs\attendance-management\vendor\xavrsl\cas\src\Xavrsl\Cas\Sso.php:76) [CAS.php:503]
8DAF .<= ''
CCD9 .START phpCAS-1.3.3 ****************** [CAS.php:438]
CCD9 .=> phpCAS::client('2.0', 'cas.knowarth.com', 443, 'cas') [Sso.php:76]
CCD9 .|    => CAS_Client::__construct('2.0', false, 'cas.knowarth.com', 443, 'cas', true) [CAS.php:340]
CCD9 .|    |    Starting a new session dshjmsisa920ef21nn3653sm07 [Client.php:906]
CCD9 .|    <= ''
CCD9 .<= ''
CCD9 .=> phpCAS::setNoCasServerValidation() [Sso.php:98]
CCD9 .|    You have configured no validation of the legitimacy of the cas server. This is not recommended for production use. [CAS.php:1553]
CCD9 .<= ''
CCD9 .=> CAS_Client::handleLogoutRequests(true, false) [CAS.php:1193]
CCD9 .|    Not a logout request [Client.php:1689]
CCD9 .<= ''
CCD9 .=> phpCAS::isAuthenticated() [Sso.php:163]
CCD9 .|    => CAS_Client::isAuthenticated() [CAS.php:1062]
CCD9 .|    |    => CAS_Client::_wasPreviouslyAuthenticated() [Client.php:1356]
CCD9 .|    |    |    no user found [Client.php:1592]
CCD9 .|    |    <= false
CCD9 .|    |    no ticket found [Client.php:1453]
CCD9 .|    <= false
CCD9 .<= false
CCD9 .=> phpCAS::forceAuthentication() [Sso.php:146]
CCD9 .|    => CAS_Client::forceAuthentication() [CAS.php:1015]
CCD9 .|    |    => CAS_Client::isAuthenticated() [Client.php:1245]
CCD9 .|    |    |    => CAS_Client::_wasPreviouslyAuthenticated() [Client.php:1356]
CCD9 .|    |    |    |    no user found [Client.php:1592]
CCD9 .|    |    |    <= false
CCD9 .|    |    |    no ticket found [Client.php:1453]
CCD9 .|    |    <= false
CCD9 .|    |    => CAS_Client::redirectToCas(false) [Client.php:1254]
CCD9 .|    |    |    => CAS_Client::getServerLoginURL(false, false) [Client.php:1613]
CCD9 .|    |    |    |    => CAS_Client::getURL() [Client.php:342]
CCD9 .|    |    |    |    |    Final URI: http://localhost:8000/chart [Client.php:3466]
CCD9 .|    |    |    |    <= 'http://localhost:8000/chart'
CCD9 .|    |    |    <= 'https://cas.knowarth.com/cas/login?service=http%3A%2F%2Flocalhost%3A8000%2Fchart'
CCD9 .|    |    |    Redirect to : https://cas.knowarth.com/cas/login?service=http%3A%2F%2Flocalhost%3A8000%2Fchart [Client.php:1620]
CCD9 .|    |    |    exit()
CCD9 .|    |    |    -
CCD9 .|    |    -
CCD9 .|    -
CC7A .START phpCAS-1.3.3 ****************** [CAS.php:438]
CC7A .=> phpCAS::client('2.0', 'cas.knowarth.com', 443, 'cas') [Sso.php:76]
CC7A .|    => CAS_Client::__construct('2.0', false, 'cas.knowarth.com', 443, 'cas', true) [CAS.php:340]
CC7A .|    |    Starting a new session gq817avd9svectjpstmjon18j2 [Client.php:906]
CC7A .|    <= ''
CC7A .<= ''
CC7A .=> phpCAS::setNoCasServerValidation() [Sso.php:98]
CC7A .|    You have configured no validation of the legitimacy of the cas server. This is not recommended for production use. [CAS.php:1553]
CC7A .<= ''
CC7A .=> CAS_Client::handleLogoutRequests(true, false) [CAS.php:1193]
CC7A .|    Not a logout request [Client.php:1689]
CC7A .<= ''
CC7A .=> phpCAS::isAuthenticated() [Sso.php:163]
CC7A .|    => CAS_Client::isAuthenticated() [CAS.php:1062]
CC7A .|    |    => CAS_Client::_wasPreviouslyAuthenticated() [Client.php:1356]
CC7A .|    |    |    no user found [Client.php:1592]
CC7A .|    |    <= false
CC7A .|    |    no ticket found [Client.php:1453]
CC7A .|    <= false
CC7A .<= false
CC7A .=> phpCAS::forceAuthentication() [Sso.php:146]
CC7A .|    => CAS_Client::forceAuthentication() [CAS.php:1015]
CC7A .|    |    => CAS_Client::isAuthenticated() [Client.php:1245]
CC7A .|    |    |    => CAS_Client::_wasPreviouslyAuthenticated() [Client.php:1356]
CC7A .|    |    |    |    no user found [Client.php:1592]
CC7A .|    |    |    <= false
CC7A .|    |    |    no ticket found [Client.php:1453]
CC7A .|    |    <= false
CC7A .|    |    => CAS_Client::redirectToCas(false) [Client.php:1254]
CC7A .|    |    |    => CAS_Client::getServerLoginURL(false, false) [Client.php:1613]
CC7A .|    |    |    |    => CAS_Client::getURL() [Client.php:342]
CC7A .|    |    |    |    |    Final URI: http://localhost:8000/ [Client.php:3466]
CC7A .|    |    |    |    <= 'http://localhost:8000/'
CC7A .|    |    |    <= 'https://cas.knowarth.com/cas/login?service=http%3A%2F%2Flocalhost%3A8000%2F'
CC7A .|    |    |    Redirect to : https://cas.knowarth.com/cas/login?service=http%3A%2F%2Flocalhost%3A8000%2F [Client.php:1620]
CC7A .|    |    |    exit()
CC7A .|    |    |    -
CC7A .|    |    -
CC7A .|    -
